<?xml version="1.0" encoding="UTF-8"?>
<testsuite xmlns:xsi="http://www.w3.org/2001/XMLSchema-instance" xsi:noNamespaceSchemaLocation="https://maven.apache.org/surefire/maven-surefire-plugin/xsd/surefire-test-report-3.0.xsd" version="3.0" name="hovercucumber.RunCucumberTest" time="0.208" tests="1" errors="0" skipped="0" failures="0">
  <properties>
[...]
</properties>
  <testcase name="Movendo-se no platô" classname="Movendo Hover" time="0.069">
    <system-out><![CDATA[
Scenario: Movendo-se no platô                    &amp#27;[90m# hovercucumber/movendo_hover.feature:4&amp#27;[0m
  &amp#27;[32mGiven &amp#27;[0m&amp#27;[32mUm hover no estado &amp#27;[0m&amp#27;[32m&amp#27;[1m1&amp#27;[0m&amp#27;[32m &amp#27;[0m&amp#27;[32m&amp#27;[1m2&amp#27;[0m&amp#27;[32m N&amp#27;[0m                 &amp#27;[90m# hovercucumber.StepDefinitions.um_hover_no_estado_n(java.lang.Integer,java.lang.Integer)&amp#27;[0m
  &amp#27;[32mWhen &amp#27;[0m&amp#27;[32mA Instrução de movimentação for LMLMLMLMM&amp#27;[0m &amp#27;[90m# hovercucumber.StepDefinitions.a_instrucao_de_movimentacao_for_lmlmlmlmm()&amp#27;[0m
  &amp#27;[32mThen &amp#27;[0m&amp#27;[32mA saída esperada deve ser &amp#27;[0m&amp#27;[32m&amp#27;[1m1&amp#27;[0m&amp#27;[32m &amp#27;[0m&amp#27;[32m&amp#27;[1m3&amp#27;[0m&amp#27;[32m N&amp#27;[0m           &amp#27;[90m# hovercucumber.StepDefinitions.a_saída_esperada_deve_ser_n(java.lang.Integer,java.lang.Integer)&amp#27;[0m
]]></system-out>
  </testcase>
</testsuite>