<?xml version="1.0" encoding="UTF-8"?>
<testsuite xmlns:xsi="http://www.w3.org/2001/XMLSchema-instance" xsi:noNamespaceSchemaLocation="https://maven.apache.org/surefire/maven-surefire-plugin/xsd/surefire-test-report-3.0.xsd" version="3.0" name="hovercucumber.RunCucumberTest" time="0.318" tests="9" errors="0" skipped="0" failures="0">
  <properties>
[...]
</properties>
  <testcase name="Mudar direção do norte para a esquerda" classname="Movendo Hover" time="0.087">
    <system-out><![CDATA[
Scenario: Mudar direção do norte para a esquerda &amp#27;[90m# hovercucumber/movendo_hover.feature:4&amp#27;[0m
  &amp#27;[32mGiven &amp#27;[0m&amp#27;[32mUm rover apontando para o norte &amp#27;[0m&amp#27;[32m&amp#27;[1m"N"&amp#27;[0m      &amp#27;[90m# hovercucumber.StepDefinitions.um_rover_apontando_paro_o_norte(java.lang.String)&amp#27;[0m
  &amp#27;[32mWhen &amp#27;[0m&amp#27;[32mGirar para a esquerda&amp#27;[0m                     &amp#27;[90m# hovercucumber.StepDefinitions.girar_para_a_esquerda()&amp#27;[0m
  &amp#27;[32mThen &amp#27;[0m&amp#27;[32mA direção esperada deve ser &amp#27;[0m&amp#27;[32m&amp#27;[1m"O"&amp#27;[0m           &amp#27;[90m# hovercucumber.StepDefinitions.a_direção_esperada_deve_ser(java.lang.String)&amp#27;[0m
]]></system-out>
  </testcase>
  <testcase name="Mudar direção do norte para a direita" classname="Movendo Hover" time="0.013">
    <system-out><![CDATA[
Scenario: Mudar direção do norte para a direita &amp#27;[90m# hovercucumber/movendo_hover.feature:9&amp#27;[0m
  &amp#27;[32mGiven &amp#27;[0m&amp#27;[32mUm rover apontando para o norte &amp#27;[0m&amp#27;[32m&amp#27;[1m"N"&amp#27;[0m     &amp#27;[90m# hovercucumber.StepDefinitions.um_rover_apontando_paro_o_norte(java.lang.String)&amp#27;[0m
  &amp#27;[32mWhen &amp#27;[0m&amp#27;[32mGirar para a direita&amp#27;[0m                     &amp#27;[90m# hovercucumber.StepDefinitions.girar_para_a_direita()&amp#27;[0m
  &amp#27;[32mThen &amp#27;[0m&amp#27;[32mA direção esperada deve ser &amp#27;[0m&amp#27;[32m&amp#27;[1m"L"&amp#27;[0m          &amp#27;[90m# hovercucumber.StepDefinitions.a_direção_esperada_deve_ser(java.lang.String)&amp#27;[0m
]]></system-out>
  </testcase>
  <testcase name="Mudar direção do leste para a esquerda" classname="Movendo Hover" time="0.012">
    <system-out><![CDATA[
Scenario: Mudar direção do leste para a esquerda &amp#27;[90m# hovercucumber/movendo_hover.feature:14&amp#27;[0m
  &amp#27;[32mGiven &amp#27;[0m&amp#27;[32mUm rover apontando para o leste &amp#27;[0m&amp#27;[32m&amp#27;[1m"L"&amp#27;[0m      &amp#27;[90m# hovercucumber.StepDefinitions.um_rover_apontando_paro_o_leste(java.lang.String)&amp#27;[0m
  &amp#27;[32mWhen &amp#27;[0m&amp#27;[32mGirar para a esquerda&amp#27;[0m                     &amp#27;[90m# hovercucumber.StepDefinitions.girar_para_a_esquerda()&amp#27;[0m
  &amp#27;[32mThen &amp#27;[0m&amp#27;[32mA direção esperada deve ser &amp#27;[0m&amp#27;[32m&amp#27;[1m"N"&amp#27;[0m           &amp#27;[90m# hovercucumber.StepDefinitions.a_direção_esperada_deve_ser(java.lang.String)&amp#27;[0m
]]></system-out>
  </testcase>
  <testcase name="Mudar direção do leste para a direita" classname="Movendo Hover" time="0.009">
    <system-out><![CDATA[
Scenario: Mudar direção do leste para a direita &amp#27;[90m# hovercucumber/movendo_hover.feature:19&amp#27;[0m
  &amp#27;[32mGiven &amp#27;[0m&amp#27;[32mUm rover apontando para o leste &amp#27;[0m&amp#27;[32m&amp#27;[1m"L"&amp#27;[0m     &amp#27;[90m# hovercucumber.StepDefinitions.um_rover_apontando_paro_o_leste(java.lang.String)&amp#27;[0m
  &amp#27;[32mWhen &amp#27;[0m&amp#27;[32mGirar para a direita&amp#27;[0m                     &amp#27;[90m# hovercucumber.StepDefinitions.girar_para_a_direita()&amp#27;[0m
  &amp#27;[32mThen &amp#27;[0m&amp#27;[32mA direção esperada deve ser &amp#27;[0m&amp#27;[32m&amp#27;[1m"S"&amp#27;[0m          &amp#27;[90m# hovercucumber.StepDefinitions.a_direção_esperada_deve_ser(java.lang.String)&amp#27;[0m
]]></system-out>
  </testcase>
  <testcase name="Mudar direção do oeste para a esquerda" classname="Movendo Hover" time="0.009">
    <system-out><![CDATA[
Scenario: Mudar direção do oeste para a esquerda &amp#27;[90m# hovercucumber/movendo_hover.feature:24&amp#27;[0m
  &amp#27;[32mGiven &amp#27;[0m&amp#27;[32mUm rover apontando para o oeste &amp#27;[0m&amp#27;[32m&amp#27;[1m"O"&amp#27;[0m      &amp#27;[90m# hovercucumber.StepDefinitions.um_rover_apontando_paro_o_oeste(java.lang.String)&amp#27;[0m
  &amp#27;[32mWhen &amp#27;[0m&amp#27;[32mGirar para a esquerda&amp#27;[0m                     &amp#27;[90m# hovercucumber.StepDefinitions.girar_para_a_esquerda()&amp#27;[0m
  &amp#27;[32mThen &amp#27;[0m&amp#27;[32mA direção esperada deve ser &amp#27;[0m&amp#27;[32m&amp#27;[1m"S"&amp#27;[0m           &amp#27;[90m# hovercucumber.StepDefinitions.a_direção_esperada_deve_ser(java.lang.String)&amp#27;[0m
]]></system-out>
  </testcase>
  <testcase name="Mudar direção do oeste para a direita" classname="Movendo Hover" time="0.008">
    <system-out><![CDATA[
Scenario: Mudar direção do oeste para a direita &amp#27;[90m# hovercucumber/movendo_hover.feature:29&amp#27;[0m
  &amp#27;[32mGiven &amp#27;[0m&amp#27;[32mUm rover apontando para o oeste &amp#27;[0m&amp#27;[32m&amp#27;[1m"O"&amp#27;[0m     &amp#27;[90m# hovercucumber.StepDefinitions.um_rover_apontando_paro_o_oeste(java.lang.String)&amp#27;[0m
  &amp#27;[32mWhen &amp#27;[0m&amp#27;[32mGirar para a direita&amp#27;[0m                     &amp#27;[90m# hovercucumber.StepDefinitions.girar_para_a_direita()&amp#27;[0m
  &amp#27;[32mThen &amp#27;[0m&amp#27;[32mA direção esperada deve ser &amp#27;[0m&amp#27;[32m&amp#27;[1m"N"&amp#27;[0m          &amp#27;[90m# hovercucumber.StepDefinitions.a_direção_esperada_deve_ser(java.lang.String)&amp#27;[0m
]]></system-out>
  </testcase>
  <testcase name="Mudar direção do sul para a esquerda" classname="Movendo Hover" time="0.008">
    <system-out><![CDATA[
Scenario: Mudar direção do sul para a esquerda &amp#27;[90m# hovercucumber/movendo_hover.feature:34&amp#27;[0m
  &amp#27;[32mGiven &amp#27;[0m&amp#27;[32mUm rover apontando para o sul &amp#27;[0m&amp#27;[32m&amp#27;[1m"S"&amp#27;[0m      &amp#27;[90m# hovercucumber.StepDefinitions.um_rover_apontando_paro_o_sul(java.lang.String)&amp#27;[0m
  &amp#27;[32mWhen &amp#27;[0m&amp#27;[32mGirar para a esquerda&amp#27;[0m                   &amp#27;[90m# hovercucumber.StepDefinitions.girar_para_a_esquerda()&amp#27;[0m
  &amp#27;[32mThen &amp#27;[0m&amp#27;[32mA direção esperada deve ser &amp#27;[0m&amp#27;[32m&amp#27;[1m"L"&amp#27;[0m         &amp#27;[90m# hovercucumber.StepDefinitions.a_direção_esperada_deve_ser(java.lang.String)&amp#27;[0m
]]></system-out>
  </testcase>
  <testcase name="Mudar direção do sul para a direita" classname="Movendo Hover" time="0.007">
    <system-out><![CDATA[
Scenario: Mudar direção do sul para a direita &amp#27;[90m# hovercucumber/movendo_hover.feature:39&amp#27;[0m
  &amp#27;[32mGiven &amp#27;[0m&amp#27;[32mUm rover apontando para o sul &amp#27;[0m&amp#27;[32m&amp#27;[1m"S"&amp#27;[0m     &amp#27;[90m# hovercucumber.StepDefinitions.um_rover_apontando_paro_o_sul(java.lang.String)&amp#27;[0m
  &amp#27;[32mWhen &amp#27;[0m&amp#27;[32mGirar para a direita&amp#27;[0m                   &amp#27;[90m# hovercucumber.StepDefinitions.girar_para_a_direita()&amp#27;[0m
  &amp#27;[32mThen &amp#27;[0m&amp#27;[32mA direção esperada deve ser &amp#27;[0m&amp#27;[32m&amp#27;[1m"O"&amp#27;[0m        &amp#27;[90m# hovercucumber.StepDefinitions.a_direção_esperada_deve_ser(java.lang.String)&amp#27;[0m
]]></system-out>
  </testcase>
  <testcase name="Movendo-se no platô" classname="Movendo Hover" time="0.013">
    <system-out><![CDATA[
Scenario: Movendo-se no platô                      &amp#27;[90m# hovercucumber/movendo_hover.feature:44&amp#27;[0m
  &amp#27;[32mGiven &amp#27;[0m&amp#27;[32mUm hover no estado &amp#27;[0m&amp#27;[32m&amp#27;[1m1&amp#27;[0m&amp#27;[32m &amp#27;[0m&amp#27;[32m&amp#27;[1m2&amp#27;[0m&amp#27;[32m &amp#27;[0m&amp#27;[32m&amp#27;[1m"N"&amp#27;[0m                 &amp#27;[90m# hovercucumber.StepDefinitions.um_hover_no_estado(java.lang.Integer,java.lang.Integer,java.lang.String)&amp#27;[0m
Girando pra esquerda
Movimentando o Rover
Girando pra esquerda
Movimentando o Rover
Girando pra esquerda
Movimentando o Rover
Girando pra esquerda
Movimentando o Rover
Movimentando o Rover
  &amp#27;[32mWhen &amp#27;[0m&amp#27;[32mA Instrução de movimentação for &amp#27;[0m&amp#27;[32m&amp#27;[1m"LMLMLMLMM"&amp#27;[0m &amp#27;[90m# hovercucumber.StepDefinitions.a_instrução_de_movimentação_for(java.lang.String)&amp#27;[0m
  &amp#27;[32mThen &amp#27;[0m&amp#27;[32mA saída esperada deve ser &amp#27;[0m&amp#27;[32m&amp#27;[1m1&amp#27;[0m&amp#27;[32m &amp#27;[0m&amp#27;[32m&amp#27;[1m3&amp#27;[0m&amp#27;[32m &amp#27;[0m&amp#27;[32m&amp#27;[1m"N"&amp#27;[0m           &amp#27;[90m# hovercucumber.StepDefinitions.a_saída_esperada_deve_ser_n(java.lang.Integer,java.lang.Integer,java.lang.String)&amp#27;[0m
]]></system-out>
  </testcase>
</testsuite>